app/build/intermediates/manifest_merge_blame_file/debug/manifest-merger-blame-debug-report.txt
1<?xml version="1.0" encoding="utf-8"?>
2<manifest xmlns:android="http://schemas.android.com/apk/res/android"
3    package="org.team.test"
4    android:versionCode="1"
5    android:versionName="1.0" >
6
7    <uses-sdk
8        android:minSdkVersion="16"
8-->src\main\AndroidManifest.xml
9        android:targetSdkVersion="30" />
9-->src\main\AndroidManifest.xml
10
11    <!-- Although the *SdkVersion is captured in gradle build files, this is required for non gradle builds -->
12    <!-- <uses-sdk android:minSdkVersion="14"/> -->
13    <uses-permission android:name="android.permission.ACCESS_NETWORK_STATE" />
13-->[com.google.firebase:firebase-database:19.7.0] AndroidManifest.xml:25:5-79
13-->[com.google.firebase:firebase-database:19.7.0] AndroidManifest.xml:25:22-76
14    <uses-permission android:name="android.permission.INTERNET" />
14-->[com.google.firebase:firebase-database:19.7.0] AndroidManifest.xml:26:5-67
14-->[com.google.firebase:firebase-database:19.7.0] AndroidManifest.xml:26:22-64
15
16    <application
16-->src\main\AndroidManifest.xml:5:5-23:19
17        android:appComponentFactory="androidx.core.app.CoreComponentFactory"
17-->[androidx.core:core:1.5.0-beta01] AndroidManifest.xml:24:18-86
18        android:debuggable="true"
19        android:label="Demo App"
19-->src\main\AndroidManifest.xml:6:9-33
20        android:theme="@style/AppTheme" >
20-->src\main\AndroidManifest.xml:7:9-40
21        <activity android:name="org.team.app.view.SignUp" />
21-->src\main\AndroidManifest.xml:8:9-53
21-->src\main\AndroidManifest.xml:8:19-41
22        <activity android:name="org.team.app.view.login_screen" >
22-->src\main\AndroidManifest.xml:9:9-15:20
22-->src\main\AndroidManifest.xml:9:19-47
23            <intent-filter>
23-->src\main\AndroidManifest.xml:10:13-14:29
24                <action android:name="android.intent.action.MAIN" />
24-->src\main\AndroidManifest.xml:11:17-69
24-->src\main\AndroidManifest.xml:11:25-66
25
26                <category android:name="android.intent.category.LAUNCHER" />
26-->src\main\AndroidManifest.xml:13:17-77
26-->src\main\AndroidManifest.xml:13:27-74
27            </intent-filter>
28        </activity>
29        <activity
29-->src\main\AndroidManifest.xml:16:9-19:68
30            android:name="org.team.app.view.MainActivity"
30-->src\main\AndroidManifest.xml:17:13-41
31            android:label="@string/title_activity_main2"
31-->src\main\AndroidManifest.xml:18:13-57
32            android:theme="@style/AppTheme.NoActionBar" />
32-->src\main\AndroidManifest.xml:19:13-56
33        <activity android:name="org.team.app.view.NotificationActivity" />
33-->src\main\AndroidManifest.xml:20:9-58
33-->src\main\AndroidManifest.xml:20:19-55
34
35        <receiver android:name="org.team.app.view.AlarmReceiver" />
35-->src\main\AndroidManifest.xml:22:9-51
35-->src\main\AndroidManifest.xml:22:19-48
36
37        <service
37-->[com.google.firebase:firebase-database:19.7.0] AndroidManifest.xml:29:9-35:19
38            android:name="com.google.firebase.components.ComponentDiscoveryService"
38-->[com.google.firebase:firebase-database:19.7.0] AndroidManifest.xml:30:13-84
39            android:directBootAware="true"
39-->[com.google.firebase:firebase-common:19.5.0] AndroidManifest.xml:35:13-43
40            android:exported="false" >
40-->[com.google.firebase:firebase-database:19.7.0] AndroidManifest.xml:31:13-37
41            <meta-data
41-->[com.google.firebase:firebase-database:19.7.0] AndroidManifest.xml:32:13-34:85
42                android:name="com.google.firebase.components:com.google.firebase.database.DatabaseRegistrar"
42-->[com.google.firebase:firebase-database:19.7.0] AndroidManifest.xml:33:17-109
43                android:value="com.google.firebase.components.ComponentRegistrar" />
43-->[com.google.firebase:firebase-database:19.7.0] AndroidManifest.xml:34:17-82
44            <!--
45                This registrar is not defined in the dynamic-module-support sdk itself to allow non-firebase
46                clients to use it as well, by defining this registrar in their own core/common library.
47            -->
48            <meta-data
48-->[com.google.firebase:firebase-common:19.5.0] AndroidManifest.xml:43:13-45:85
49                android:name="com.google.firebase.components:com.google.firebase.dynamicloading.DynamicLoadingRegistrar"
49-->[com.google.firebase:firebase-common:19.5.0] AndroidManifest.xml:44:17-121
50                android:value="com.google.firebase.components.ComponentRegistrar" />
50-->[com.google.firebase:firebase-common:19.5.0] AndroidManifest.xml:45:17-82
51        </service>
52
53        <activity
53-->[com.google.android.gms:play-services-base:17.0.0] AndroidManifest.xml:23:9-26:75
54            android:name="com.google.android.gms.common.api.GoogleApiActivity"
54-->[com.google.android.gms:play-services-base:17.0.0] AndroidManifest.xml:24:13-79
55            android:exported="false"
55-->[com.google.android.gms:play-services-base:17.0.0] AndroidManifest.xml:25:13-37
56            android:theme="@android:style/Theme.Translucent.NoTitleBar" />
56-->[com.google.android.gms:play-services-base:17.0.0] AndroidManifest.xml:26:13-72
57
58        <provider
58-->[com.google.firebase:firebase-common:19.5.0] AndroidManifest.xml:26:9-31:39
59            android:name="com.google.firebase.provider.FirebaseInitProvider"
59-->[com.google.firebase:firebase-common:19.5.0] AndroidManifest.xml:27:13-77
60            android:authorities="org.team.test.firebaseinitprovider"
60-->[com.google.firebase:firebase-common:19.5.0] AndroidManifest.xml:28:13-72
61            android:directBootAware="true"
61-->[com.google.firebase:firebase-common:19.5.0] AndroidManifest.xml:29:13-43
62            android:exported="false"
62-->[com.google.firebase:firebase-common:19.5.0] AndroidManifest.xml:30:13-37
63            android:initOrder="100" />
63-->[com.google.firebase:firebase-common:19.5.0] AndroidManifest.xml:31:13-36
64
65        <meta-data
65-->[com.google.android.gms:play-services-basement:17.0.0] AndroidManifest.xml:23:9-25:69
66            android:name="com.google.android.gms.version"
66-->[com.google.android.gms:play-services-basement:17.0.0] AndroidManifest.xml:24:13-58
67            android:value="@integer/google_play_services_version" />
67-->[com.google.android.gms:play-services-basement:17.0.0] AndroidManifest.xml:25:13-66
68    </application>
69
70</manifest>